                                  title  rating
11795                             Truce     9.4
1070           The Shawshank Redemption     9.3
31312                Soccer in the City     9.3
31501               The Longest Journey     9.3
397                       The Godfather     9.2
17092  Hairy Who & The Chicago Imagists     9.2
20079                             Short     9.2
24778       La Belle Vie: The Good Life     9.2
2085                       Water's Edge     9.1
5813                            Closure     9.1
-------------------------------------------------------------
                          title  rating
22063                Bible Town     1.2
28553          Greyhound Attack     1.2
12848           Kiara the Brave     1.3
18320          Saving Christmas     1.3
23247                Foodfight!     1.3
23452                Zoo Wars 2     1.3
27819                5G Zombies     1.3
8155   The Little Panda Fighter     1.4
21934             Jurassic Bark     1.4
27376            Apex Predators     1.4
