                  title  reviews_count
27663  The Tomorrow War          19669
9573            Goliath           9803
17330       The Martian           7823
4134        The Captive           7345
23887     Downton Abbey           6971
17754              Room           6280
15165     Veronica Mars           5589
10644            Frozen           5427
13868      Jack Reacher           5355
23321     The Good Wife           4091
-------------------------------------------------------------
                                        title  reviews_count
14                      A Tale of Two Sisters              1
20                         The Grand Illusion              1
23                                    Persona              1
50         Indiana Jones and the Last Crusade              1
77                                 Windstruck              1
90                     Save the Green Planet!              1
91                                Sex Is Zero              1
96   Surplus: Terrorized Into Being Consumers              1
137                   Exorcist: The Beginning              1
154         Turn Left at the End of the World              1
